<?xml version="1.0" encoding="UTF-8"?>
<!-- Generated by org.testng.reporters.JUnitReportReporter -->
<testsuite hostname="DESKTOP-6SJFPTN" failures="0" tests="1" name="com.ajio.runner.TestRunner" time="22.449" errors="0" timestamp="23 Jun 2024 07:08:16 GMT" skipped="0">
  <testcase classname="com.ajio.runner.TestRunner" name="runScenario" time="22.449"/>
</testsuite> <!-- com.ajio.runner.TestRunner -->
